c:\users\teemu\downloads\game programming 2\assignment 3\gp2-lab3-teamonline\endlessrunner\debug\vc142.pdb
c:\users\teemu\downloads\game programming 2\assignment 3\gp2-lab3-teamonline\endlessrunner\debug\vc142.idb
c:\users\teemu\downloads\game programming 2\assignment 3\gp2-lab3-teamonline\endlessrunner\debug\vector2.obj
c:\users\teemu\downloads\game programming 2\assignment 3\gp2-lab3-teamonline\endlessrunner\debug\transform.obj
c:\users\teemu\downloads\game programming 2\assignment 3\gp2-lab3-teamonline\endlessrunner\debug\sdlmanager.obj
c:\users\teemu\downloads\game programming 2\assignment 3\gp2-lab3-teamonline\endlessrunner\debug\screen.obj
c:\users\teemu\downloads\game programming 2\assignment 3\gp2-lab3-teamonline\endlessrunner\debug\playstate.obj
c:\users\teemu\downloads\game programming 2\assignment 3\gp2-lab3-teamonline\endlessrunner\debug\player.obj
c:\users\teemu\downloads\game programming 2\assignment 3\gp2-lab3-teamonline\endlessrunner\debug\main.obj
c:\users\teemu\downloads\game programming 2\assignment 3\gp2-lab3-teamonline\endlessrunner\debug\gameobject.obj
c:\users\teemu\downloads\game programming 2\assignment 3\gp2-lab3-teamonline\endlessrunner\debug\game.obj
c:\users\teemu\downloads\game programming 2\assignment 3\gp2-lab3-teamonline\endlessrunner\debug\filereader.obj
c:\users\teemu\downloads\game programming 2\assignment 3\gp2-lab3-teamonline\endlessrunner\debug\collider.obj
c:\users\teemu\downloads\game programming 2\assignment 3\gp2-lab3-teamonline\endlessrunner\debug\assetmanager.obj
c:\users\teemu\downloads\game programming 2\assignment 3\gp2-lab3-teamonline\debug\endlessrunner.ilk
c:\users\teemu\downloads\game programming 2\assignment 3\gp2-lab3-teamonline\debug\endlessrunner.exe
c:\users\teemu\downloads\game programming 2\assignment 3\gp2-lab3-teamonline\debug\endlessrunner.pdb
c:\users\teemu\downloads\game programming 2\assignment 3\gp2-lab3-teamonline\endlessrunner\debug\endlessrunner.tlog\cl.command.1.tlog
c:\users\teemu\downloads\game programming 2\assignment 3\gp2-lab3-teamonline\endlessrunner\debug\endlessrunner.tlog\cl.read.1.tlog
c:\users\teemu\downloads\game programming 2\assignment 3\gp2-lab3-teamonline\endlessrunner\debug\endlessrunner.tlog\cl.write.1.tlog
c:\users\teemu\downloads\game programming 2\assignment 3\gp2-lab3-teamonline\endlessrunner\debug\endlessrunner.tlog\link.command.1.tlog
c:\users\teemu\downloads\game programming 2\assignment 3\gp2-lab3-teamonline\endlessrunner\debug\endlessrunner.tlog\link.read.1.tlog
c:\users\teemu\downloads\game programming 2\assignment 3\gp2-lab3-teamonline\endlessrunner\debug\endlessrunner.tlog\link.write.1.tlog
